<?xml version="1.0" encoding="utf-8"?><testsuites><testsuite name="pytest" errors="0" failures="0" skipped="0" tests="103" time="0.876" timestamp="2025-02-17T11:05:42.073843+01:00" hostname="Callisto"><testcase classname="tests.daisy.data_sources.test_data_processor" name="test_no_added_func" time="0.001" /><testcase classname="tests.daisy.data_sources.test_data_processor" name="test_func_order" time="0.000" /><testcase classname="tests.daisy.data_sources.test_data_processor" name="test_single_func" time="0.000" /><testcase classname="tests.daisy.data_sources.test_data_processor" name="test_remove_dict_features" time="0.000" /><testcase classname="tests.daisy.data_sources.test_data_processor" name="test_keep_dict_feature" time="0.000" /><testcase classname="tests.daisy.data_sources.test_data_processor" name="test_select_dict_features" time="0.000" /><testcase classname="tests.daisy.data_sources.test_data_processor" name="test_select_dict_features_default_value" time="0.000" /><testcase classname="tests.daisy.data_sources.test_data_processor" name="test_flatten_dict" time="0.001" /><testcase classname="tests.daisy.data_sources.test_data_processor" name="test_flatten_dict_value_error[test_dict0]" time="0.001" /><testcase classname="tests.daisy.data_sources.test_data_processor" name="test_flatten_dict_value_error[test_dict1]" time="0.001" /><testcase classname="tests.daisy.data_sources.test_data_relay.TestCSVFileRelay" name="test_no_headers_or_discovery_throws_error" time="0.012" /><testcase classname="tests.daisy.data_sources.test_data_relay.TestCSVFileRelay" name="test_param_separator_double_quote_throws_error" time="0.001" /><testcase classname="tests.daisy.data_sources.test_data_relay.TestCSVFileRelay" name="test_param_target_file_none_throws_error" time="0.001" /><testcase classname="tests.daisy.data_sources.test_data_relay.TestCSVFileRelay" name="test_param_target_file_empty_throws_error" time="0.000" /><testcase classname="tests.daisy.data_sources.test_data_relay.TestCSVFileRelay" name="test_param_target_file_is_dir_throws_error" time="0.001" /><testcase classname="tests.daisy.data_sources.test_data_relay.TestCSVFileRelay" name="test_param_overwrite_file_is_false_but_file_exists_throws_error" time="0.001" /><testcase classname="tests.daisy.data_sources.test_data_relay.TestCSVFileRelay" name="test_start_two_times_throws_error" time="0.003" /><testcase classname="tests.daisy.data_sources.test_data_relay.TestCSVFileRelay" name="test_stop_without_start_throws_error" time="0.001" /><testcase classname="tests.daisy.data_sources.test_data_relay.TestCSVFileRelay" name="test_write_line_to_file_writes_line" time="0.001" /><testcase classname="tests.daisy.data_sources.test_data_relay.TestCSVFileRelay" name="test_process_data_point_writes_to_buffer" time="0.001" /><testcase classname="tests.daisy.data_sources.test_data_relay.TestCSVFileRelay" name="test_process_data_point_writes_buffer_to_file" time="0.001" /><testcase classname="tests.daisy.data_sources.test_data_relay.TestCSVFileRelay" name="test_param_headers_are_used_param_hbs_gr_0[create_relay_writes_buffer_to_file_if_not_full]" time="0.003" /><testcase classname="tests.daisy.data_sources.test_data_relay.TestCSVFileRelay" name="test_param_headers_are_used_param_hbs_gr_0[param_header_buffer_size_greater_0_discovers_headers]" time="0.002" /><testcase classname="tests.daisy.data_sources.test_data_relay.TestCSVFileRelay" name="test_param_headers_are_used_param_hbs_gr_0[param_headers_are_used_param_hbs_eq_0]" time="0.002" /><testcase classname="tests.daisy.data_sources.test_data_relay.TestCSVFileRelay" name="test_param_headers_are_used_param_hbs_gr_0[param_headers_are_used_param_hbs_gr_0]" time="0.002" /><testcase classname="tests.daisy.data_sources.test_data_relay.TestCSVFileRelay" name="test_param_overwrite_file_is_true_overwrite_file" time="0.001" /><testcase classname="tests.daisy.data_sources.test_data_source" name="test_simple_data_source_iter_produces_iterable" time="0.001" /><testcase classname="tests.daisy.data_sources.test_data_source.TestCSVFileDataSource" name="test_constructor_files_valid_parameter[csvfiledatasource_test.csv-2]" time="0.002" /><testcase classname="tests.daisy.data_sources.test_data_source.TestCSVFileDataSource" name="test_constructor_files_valid_parameter[csv_data_source1-2]" time="0.001" /><testcase classname="tests.daisy.data_sources.test_data_source.TestCSVFileDataSource" name="test_constructor_files_valid_parameter[csv_data_source2-4]" time="0.001" /><testcase classname="tests.daisy.data_sources.test_data_source.TestCSVFileDataSource" name="test_constructor_files_valid_parameter[-2]" time="0.001" /><testcase classname="tests.daisy.data_sources.test_data_source.TestCSVFileDataSource" name="test_constructor_files_invalid_parameter[non-existing_file.csv]" time="0.001" /><testcase classname="tests.daisy.data_sources.test_data_source.TestCSVFileDataSource" name="test_line_to_dict_valid_input[non-existing_file.csv]" time="0.001" /><testcase classname="tests.daisy.data_sources.test_data_source.TestCSVFileDataSource" name="test_line_to_dict_shorter_line[non-existing_file.csv]" time="0.001" /><testcase classname="tests.daisy.data_sources.test_data_source.TestCSVFileDataSource" name="test_line_to_dict_shorter_header[non-existing_file.csv]" time="0.001" /><testcase classname="tests.daisy.data_sources.test_events.TestEventParser" name="test_parser_syntax[feature=value-False]" time="0.003" /><testcase classname="tests.daisy.data_sources.test_events.TestEventParser" name="test_parser_syntax[value in feature-False]" time="0.002" /><testcase classname="tests.daisy.data_sources.test_events.TestEventParser" name="test_parser_syntax[feature = value and value in feature-False]" time="0.003" /><testcase classname="tests.daisy.data_sources.test_events.TestEventParser" name="test_parser_syntax[feature = value or value in feature-False]" time="0.003" /><testcase classname="tests.daisy.data_sources.test_events.TestEventParser" name="test_parser_syntax[not feature = value-False]" time="0.002" /><testcase classname="tests.daisy.data_sources.test_events.TestEventParser" name="test_parser_syntax[[feature with spaces] = [value with spaces]-False]" time="0.003" /><testcase classname="tests.daisy.data_sources.test_events.TestEventParser" name="test_parser_syntax[(feature = value)-False]" time="0.004" /><testcase classname="tests.daisy.data_sources.test_events.TestEventParser" name="test_parser_syntax[(feature = value) and value in feature-False]" time="0.003" /><testcase classname="tests.daisy.data_sources.test_events.TestEventParser" name="test_parser_syntax[feature = value and (value in feature)-False]" time="0.003" /><testcase classname="tests.daisy.data_sources.test_events.TestEventParser" name="test_parser_syntax[(feature = value) and (value in feature)-False]" time="0.003" /><testcase classname="tests.daisy.data_sources.test_events.TestEventParser" name="test_parser_syntax[(feature = value and value in feature)-False]" time="0.003" /><testcase classname="tests.daisy.data_sources.test_events.TestEventParser" name="test_parser_syntax[((feature = value) and value in feature)-False]" time="0.003" /><testcase classname="tests.daisy.data_sources.test_events.TestEventParser" name="test_parser_syntax[not (feature = value and value in feature)-False]" time="0.003" /><testcase classname="tests.daisy.data_sources.test_events.TestEventParser" name="test_parser_syntax[not (feature = value and not value in feature)-False]" time="0.003" /><testcase classname="tests.daisy.data_sources.test_events.TestEventParser" name="test_parser_syntax[feature and value-True]" time="0.002" /><testcase classname="tests.daisy.data_sources.test_events.TestEventParser" name="test_parser_syntax[feature or value-True]" time="0.002" /><testcase classname="tests.daisy.data_sources.test_events.TestEventParser" name="test_parser_syntax[feature=value not-True]" time="0.003" /><testcase classname="tests.daisy.data_sources.test_events.TestEventParser" name="test_parser_syntax[fe[ature = value-True]" time="0.002" /><testcase classname="tests.daisy.data_sources.test_events.TestEventParser" name="test_parser_syntax[fe]ature = value-True]" time="0.002" /><testcase classname="tests.daisy.data_sources.test_events.TestEventParser" name="test_parser_syntax[fe ature = value-True]" time="0.002" /><testcase classname="tests.daisy.data_sources.test_events.TestEventParser" name="test_parser_syntax[fe!ature = value-True]" time="0.002" /><testcase classname="tests.daisy.data_sources.test_events.TestEventParser" name="test_parser_syntax[fe&quot;ature = value-True]" time="0.002" /><testcase classname="tests.daisy.data_sources.test_events.TestEventParser" name="test_parser_syntax[fe'ature = value-True]" time="0.002" /><testcase classname="tests.daisy.data_sources.test_events.TestEventParser" name="test_parser_syntax[fe&lt;ature = value-True]" time="0.002" /><testcase classname="tests.daisy.data_sources.test_events.TestEventParser" name="test_parser_syntax[fe=ature = value-True]" time="0.003" /><testcase classname="tests.daisy.data_sources.test_events.TestEventParser" name="test_parser_syntax[fe&gt;ature = value-True]" time="0.004" /><testcase classname="tests.daisy.data_sources.test_events.TestEventParser" name="test_parser_syntax[fe\\ature = value-True]" time="0.002" /><testcase classname="tests.daisy.data_sources.test_events.TestEventParser" name="test_parser_syntax[fe(ature = value-True]" time="0.002" /><testcase classname="tests.daisy.data_sources.test_events.TestEventParser" name="test_parser_syntax[fe)ature = value-True]" time="0.002" /><testcase classname="tests.daisy.data_sources.test_events.TestEventParser" name="test_parser_syntax[[fe[ature] = value-True]" time="0.002" /><testcase classname="tests.daisy.data_sources.test_events.TestEventParser" name="test_parser_syntax[[fe]ature] = value-True]" time="0.002" /><testcase classname="tests.daisy.data_sources.test_events.TestEventParser" name="test_parser_syntax[[fe!ature] = value-True]" time="0.003" /><testcase classname="tests.daisy.data_sources.test_events.TestEventParser" name="test_parser_syntax[[fe&quot;ature] = value-True]" time="0.002" /><testcase classname="tests.daisy.data_sources.test_events.TestEventParser" name="test_parser_syntax[[fe'ature] = value-True]" time="0.002" /><testcase classname="tests.daisy.data_sources.test_events.TestEventParser" name="test_parser_syntax[[fe&lt;ature] = value-True]" time="0.002" /><testcase classname="tests.daisy.data_sources.test_events.TestEventParser" name="test_parser_syntax[[fe=ature] = value-True]" time="0.002" /><testcase classname="tests.daisy.data_sources.test_events.TestEventParser" name="test_parser_syntax[[fe&gt;ature] = value-True]" time="0.002" /><testcase classname="tests.daisy.data_sources.test_events.TestEventParser" name="test_parser_syntax[[fe\\ature] = value-True]" time="0.002" /><testcase classname="tests.daisy.data_sources.test_events.TestEventParser" name="test_parser_syntax[[fe(ature] = value-True]" time="0.002" /><testcase classname="tests.daisy.data_sources.test_events.TestEventParser" name="test_parser_syntax[[fe)ature] = value-True]" time="0.002" /><testcase classname="tests.daisy.data_sources.test_events.TestEventParser" name="test_parser_syntax[feature-True]" time="0.003" /><testcase classname="tests.daisy.data_sources.test_events.TestEventParser" name="test_parser_syntax[feature =-True]" time="0.003" /><testcase classname="tests.daisy.data_sources.test_events.TestEventParser" name="test_parser_syntax[value in-True]" time="0.002" /><testcase classname="tests.daisy.data_sources.test_events.TestEventParser" name="test_parser_syntax[(feature) = value-True]" time="0.003" /><testcase classname="tests.daisy.data_sources.test_events.TestEventParser" name="test_parser_syntax[(feature = ) value-True]" time="0.003" /><testcase classname="tests.daisy.data_sources.test_events.TestEventParser" name="test_parser_syntax[feature ( = value)-True]" time="0.003" /><testcase classname="tests.daisy.data_sources.test_events.TestEventParser" name="test_parser_comparator[=-true]" time="0.003" /><testcase classname="tests.daisy.data_sources.test_events.TestEventParser" name="test_parser_comparator[=-false]" time="0.003" /><testcase classname="tests.daisy.data_sources.test_events.TestEventParser" name="test_parser_comparator[in-true]" time="0.003" /><testcase classname="tests.daisy.data_sources.test_events.TestEventParser" name="test_parser_comparator[in-false]" time="0.004" /><testcase classname="tests.daisy.data_sources.test_events.TestEventParser" name="test_parser_logic[feature0 = 1-expectations0-1]" time="0.003" /><testcase classname="tests.daisy.data_sources.test_events.TestEventParser" name="test_parser_logic[feature0 = 1 and feature1 = 1-expectations1-2]" time="0.029" /><testcase classname="tests.daisy.data_sources.test_events.TestEventParser" name="test_parser_logic[feature0 = 1 or feature1 = 1-expectations2-2]" time="0.004" /><testcase classname="tests.daisy.data_sources.test_events.TestEventParser" name="test_parser_logic[not feature0 = 1-expectations3-1]" time="0.004" /><testcase classname="tests.daisy.data_sources.test_events.TestEventParser" name="test_parser_logic[(feature0 = 1)-expectations4-1]" time="0.006" /><testcase classname="tests.daisy.data_sources.test_events.TestEventParser" name="test_parser_logic[(feature0 = 1) and feature1 = 1-expectations5-2]" time="0.005" /><testcase classname="tests.daisy.data_sources.test_events.TestEventParser" name="test_parser_logic[feature0 = 1 and (feature1 = 1)-expectations6-2]" time="0.005" /><testcase classname="tests.daisy.data_sources.test_events.TestEventParser" name="test_parser_logic[(feature0 = 1) and (feature1 = 1)-expectations7-2]" time="0.005" /><testcase classname="tests.daisy.data_sources.test_events.TestEventParser" name="test_parser_logic[(feature0 = 1 and feature1 = 1)-expectations8-2]" time="0.004" /><testcase classname="tests.daisy.data_sources.test_events.TestEventParser" name="test_parser_logic[((feature0 = 1) and feature1 = 1)-expectations9-2]" time="0.004" /><testcase classname="tests.daisy.data_sources.test_events.TestEventParser" name="test_parser_logic[not (feature0 = 1 and feature1 = 1)-expectations10-2]" time="0.003" /><testcase classname="tests.daisy.data_sources.test_events.TestEventParser" name="test_parser_logic[not (feature0 = 1 and not feature1 = 1)-expectations11-2]" time="0.003" /><testcase classname="tests.daisy.data_sources.test_events.TestEventParser" name="test_parser_logic[feature0 = 1 and (feature1 = 1 or feature2 = 1)-expectations12-3]" time="0.004" /><testcase classname="tests.daisy.data_sources.test_events.TestEventParser" name="test_parser_logic[(feature0 = 1 and feature1 = 1) or feature2 = 1-expectations13-3]" time="0.004" /><testcase classname="tests.daisy.data_sources.test_events.TestEventParser" name="test_parser_incomplete_expression_raises_exception[feature = value and]" time="0.004" /><testcase classname="tests.daisy.data_sources.test_events.TestEventParser" name="test_parser_incomplete_expression_raises_exception[feature = value or feature]" time="0.002" /><testcase classname="tests.daisy.data_sources.test_events.TestEventParser" name="test_parser_incomplete_expression_raises_exception[feature = value and feature =]" time="0.003" /><testcase classname="tests.daisy.data_sources.test_events.TestEventParser" name="test_parser_first_data_occurrence_is_used" time="0.003" /></testsuite></testsuites>